  -4.4000000000000004        4.9115913555992131E-002   5.2616015019509392E-319
  -4.4000000000000004        4.9115913555992131E-002   5.2616015019509392E-319
  -4.4000000000000004        4.9115913555992131E-002   5.2616015019509392E-319
  -4.4000000000000004        4.9115913555992131E-002   6.4208771333528401E-320
  -4.4000000000000004        4.9115913555992131E-002   6.4208771333528401E-320
  -4.4000000000000004        4.9115913555992131E-002   2.0236928853657458E-320
  -4.4000000000000004        4.9115913555992131E-002   1.2731974746285700E-313
  -4.4000000000000004        4.9115913555992131E-002   6.0430157274134547E-319
  -4.4000000000000004        4.9115913555992131E-002   6.2453850159500293E-319
  -4.4000000000000004        4.9115913555992131E-002   6.2453850159500293E-319
  -4.4000000000000004        4.9115913555992131E-002   4.9011312067451657E-321
  -4.4000000000000004        4.9115913555992131E-002   6.4821412734371547E-321
  -4.4000000000000004        4.9115913555992131E-002   2.0236928853657458E-320
  -4.4000000000000004        4.9115913555992131E-002   1.2731974746779765E-313
  -4.4000000000000004        4.9115913555992131E-002   6.0442014849634737E-319
  -4.4000000000000004        4.9115913555992131E-002   6.2465707735000483E-319
  -4.4000000000000004        4.9115913555992131E-002   6.2465707735000483E-319
  -4.4000000000000004        4.9115913555992131E-002   2.4505656033725829E-321
  -4.4000000000000004        4.9115913555992131E-002   2.4505656033725829E-321
  -4.4000000000000004        4.9115913555992131E-002   3.9525251667299724E-323
  -4.4000000000000004        4.9115913555992131E-002   8.4879831658373518E-314
  -4.4000000000000004        4.9115913555992131E-002   3.3596463917204765E-321
  -4.4000000000000004        4.9115913555992131E-002   3.3596463917204765E-321
  -4.4000000000000004        4.9115913555992131E-002   3.3596463917204765E-321
  -4.4000000000000004        4.9115913555992131E-002   1.5810100666919889E-322
  -4.4000000000000004        4.9115913555992131E-002   1.5810100666919889E-322
  -4.4000000000000004        4.9115913555992131E-002   3.9525251667299724E-323
  -4.4000000000000004        4.9115913555992131E-002   8.4879831658373518E-314
  -4.4000000000000004        4.9115913555992131E-002   3.5177473983896754E-321
  -4.4000000000000004        4.9115913555992131E-002   3.5177473983896754E-321
  -4.4000000000000004        4.9115913555992131E-002   3.5177473983896754E-321
  -4.4000000000000004        4.9115913555992131E-002   1.7786363250284876E-322
  -4.4000000000000004        4.9115913555992131E-002   1.7786363250284876E-322
  -4.4000000000000004        4.9115913555992131E-002   1.9762625833649862E-323
  -4.4000000000000004        4.9115913555992131E-002   9.3206727488140080E-314
  -4.4000000000000004        4.9115913555992131E-002   3.3596463917204765E-321
  -4.4000000000000004        4.9115913555992131E-002   3.3596463917204765E-321
  -4.4000000000000004        4.9115913555992131E-002   3.3596463917204765E-321
  -4.4000000000000004        4.9115913555992131E-002   1.5810100666919889E-322
  -4.4000000000000004        4.9115913555992131E-002   1.5810100666919889E-322
  -4.4000000000000004        4.9115913555992131E-002   3.9525251667299724E-323
  -4.4000000000000004        4.9115913555992131E-002   9.3206727473318110E-314
  -4.4000000000000004        4.9115913555992131E-002   5.3997422565281517E-319
  -4.4000000000000004        4.9115913555992131E-002   5.3997422565281517E-319
  -4.4000000000000004        4.9115913555992131E-002   5.3997422565281517E-319
  -4.4000000000000004        4.9115913555992131E-002   8.4781664826357907E-321
  -4.4000000000000004        4.9115913555992131E-002   8.4781664826357907E-321
  -4.4000000000000004        4.9115913555992131E-002   1.9762625833649862E-323
  -4.4000000000000004        4.9115913555992131E-002   1.3564664329756421E-313
  -4.4000000000000004        4.9115913555992131E-002   0.0000000000000000     
  -4.4000000000000004        4.9115913555992131E-002   0.0000000000000000     
  -4.4000000000000004        4.9115913555992131E-002   0.0000000000000000     
  -4.4000000000000004        4.9115913555992131E-002   0.0000000000000000     
  -4.4000000000000004        4.9115913555992131E-002   0.0000000000000000     
  -4.4000000000000004        4.9115913555992131E-002   7.9050503334599447E-323
  -4.4000000000000004        4.9115913555992131E-002   9.3206727483199423E-314
  -4.4000000000000004        4.9115913555992131E-002   6.0430157274134547E-319
  -4.4000000000000004        4.9115913555992131E-002   6.2453850159500293E-319
  -4.4000000000000004        4.9115913555992131E-002   6.2453850159500293E-319
  -4.4000000000000004        4.9115913555992131E-002   2.8062928683782804E-321
  -4.4000000000000004        4.9115913555992131E-002   2.8062928683782804E-321
  -4.4000000000000004        4.9115913555992131E-002   4.9406564584124654E-324
  -4.4000000000000004        4.9115913555992131E-002   3.3951932657420620E-313
  -4.4000000000000004        4.9115913555992131E-002   4.7406913807133718E-307
  -4.4000000000000004        4.9115913555992131E-002   1.0079480008073175E-313
  -4.4000000000000004        4.9115913555992131E-002   1.4821969375237396E-323
  -4.4000000000000004        4.9115913555992131E-002   4.2439915821281709E-313
  -4.4000000000000004        4.9115913555992131E-002   4.7406913807133702E-307
  -4.4000000000000004        4.9115913555992131E-002   5.2976371176383018E-049
  -4.4000000000000004        4.9115913555992131E-002   8.6418312503105076E+058
  -4.4000000000000004        4.9115913555992131E-002   1.0010086680822639E-315
  -4.4000000000000004        4.9115913555992131E-002   4.4561911674993318E-313
  -4.4000000000000004        4.9115913555992131E-002   2.1219957917557773E-313
  -4.4000000000000004        4.9115913555992131E-002   7.3552326123116780E-304
  -4.4000000000000004        4.9115913555992131E-002   4.9526531584992889E-229
  -4.4000000000000004        4.9115913555992131E-002   6.9529281135530214E-310
  -4.4000000000000004        4.9115913555992131E-002   6.9529281136091472E-310
  -4.4000000000000004        4.9115913555992131E-002   0.0000000000000000     
  -4.4000000000000004        4.9115913555992131E-002   6.9113845938965320E-310
  -4.4000000000000004        4.9115913555992131E-002   7.9050503334599447E-323
  -4.4000000000000004        4.9115913555992131E-002   6.9113846657715717E-310
  -4.4000000000000004        4.9115913555992131E-002   0.0000000000000000     
  -4.4000000000000004        4.9115913555992131E-002   6.9529281135293062E-310
  -4.4000000000000004        4.9115913555992131E-002   6.9113846698310127E-310
  -4.4000000000000004        4.9115913555992131E-002   6.9529281135514404E-310
  -4.4000000000000004        4.9115913555992131E-002   6.9529281135245632E-310
  -4.4000000000000004        4.9115913555992131E-002   6.9529281135324682E-310
  -4.4000000000000004        4.9115913555992131E-002   2.9643938750474793E-323
  -4.4000000000000004        4.9115913555992131E-002   0.0000000000000000     
  -4.4000000000000004        4.9115913555992131E-002   6.9113846698930674E-310
  -4.4000000000000004        4.9115913555992131E-002   6.9113846778781563E-310
  -4.4000000000000004        4.9115913555992131E-002   6.9113846655154481E-310
  -4.4000000000000004        4.9115913555992131E-002   6.9113846656435099E-310
  -4.4000000000000004        4.9115913555992131E-002   6.9113846681721379E-310
  -4.4000000000000004        4.9115913555992131E-002   6.9113846777777622E-310
  -4.4000000000000004        4.9115913555992131E-002   6.9113846659723600E-310
  -4.4000000000000004        4.9115913555992131E-002   1.1085857841677277E-314
  -4.4000000000000004        4.9115913555992131E-002   6.9113846659703838E-310
  -4.4000000000000004        4.9115913555992131E-002   6.9113845931344357E-310
  -4.4000000000000004        4.9115913555992131E-002   6.9113846682281155E-310
  -4.4000000000000004        4.9115913555992131E-002   1.4821969375237396E-322
