  -5.0000000000000000        3.8461538461538464E-002   3.8461538461538464E-002
  -4.9000000000000004        3.9984006397441013E-002   1.2303165551212623     
  -4.7999999999999998        4.1597337770382700E-002   1.8043854561280019     
  -4.7000000000000002        4.3308791684711988E-002   1.9589518419039618     
  -4.5999999999999996        4.5126353790613728E-002   1.8458453670249395     
  -4.5000000000000000        4.7058823529411764E-002   1.5787209903492656     
  -4.4000000000000004        4.9115913555992131E-002   1.2402134854104634     
  -4.2999999999999998        5.1308363263211906E-002  0.88808114608902899     
  -4.2000000000000002        5.3648068669527899E-002  0.56044444455153009     
  -4.0999999999999996        5.6148231330713089E-002  0.28021759397103763     
  -4.0000000000000000        5.8823529411764705E-002   5.8823529411764705E-002
  -3.8999999999999999        6.1690314620604564E-002 -0.10072426173755898     
  -3.7999999999999998        6.4766839378238350E-002 -0.20129636147200033     
  -3.7000000000000002        6.8073519400953020E-002 -0.24960818907296115     
  -3.5999999999999996        7.1633237822349580E-002 -0.25460266911623530     
  -3.5000000000000000        7.5471698113207544E-002 -0.22619628906249994     
  -3.3999999999999999        7.9617834394904469E-002 -0.17433545538953860     
  -3.2999999999999998        8.4104289318755271E-002 -0.10831516883449993     
  -3.2000000000000002        8.8967971530249101E-002  -3.6316851260235580E-002
  -3.0999999999999996        9.4250706880301627E-002   3.4873322847961831E-002
  -3.0000000000000000       0.10000000000000001       0.10000000000000001     
  -2.8999999999999999       0.10626992561105207       0.15535857396244132     
  -2.7999999999999998       0.11312217194570136       0.19872621680130328     
  -2.6999999999999997       0.12062726176115804       0.22922733006550003     
  -2.5999999999999996       0.12886597938144334       0.24715354509552956     
  -2.5000000000000000       0.13793103448275862       0.25375545726102938     
  -2.3999999999999999       0.14792899408284024       0.25102056873353867     
  -2.2999999999999998       0.15898251192368842       0.24144942997726471     
  -2.1999999999999997       0.17123287671232879       0.22783970328094108     
  -2.0999999999999996       0.18484288354898343       0.21308581414796152     
  -2.0000000000000000       0.20000000000000001       0.20000000000000001     
  -1.8999999999999999       0.21691973969631240       0.19115890222126475     
  -1.7999999999999998       0.23584905660377362       0.18877836886646149     
  -1.6999999999999997       0.25706940874035994       0.19461783316550010     
  -1.5999999999999996       0.28089887640449446       0.20991449907200022     
  -1.5000000000000000       0.30769230769230771       0.23534659131080315     
  -1.3999999999999999       0.33783783783783783       0.27102410547200029     
  -1.2999999999999998       0.37174721189591087       0.31650481546550019     
  -1.1999999999999997       0.40983606557377056       0.37083275288094136     
  -1.0999999999999996       0.45248868778280560       0.43259595728280326     
  -1.0000000000000000       0.50000000000000000       0.50000000000000000     
 -0.89999999999999947       0.55248618784530412       0.57095359833302972     
 -0.79999999999999982       0.60975609756097571       0.64316255408999101     
 -0.70000000000000018       0.67114093959731536       0.71422826176549969     
 -0.59999999999999964       0.73529411764705899       0.78174712928376522     
 -0.50000000000000000       0.80000000000000004       0.84340742982890271     
 -0.39999999999999947       0.86206896551724166       0.89708034867200048     
 -0.29999999999999982       0.91743119266055062       0.94090229586550012     
 -0.19999999999999929       0.96153846153846168       0.97334591600130349     
  -9.9999999999999645E-002  0.99009900990099009       0.99327763170950012     
   0.0000000000000000        1.0000000000000000        1.0000000000000000     
  0.10000000000000053       0.99009900990099009       0.99327763170949990     
  0.20000000000000018       0.96153846153846145       0.97334591600130338     
  0.30000000000000071       0.91743119266055007       0.94090229586549978     
  0.40000000000000036       0.86206896551724110       0.89708034867199959     
  0.50000000000000000       0.80000000000000004       0.84340742982890249     
  0.60000000000000053       0.73529411764705843       0.78174712928376433     
  0.70000000000000018       0.67114093959731536       0.71422826176549981     
  0.80000000000000071       0.60975609756097526       0.64316255408999057     
  0.90000000000000036       0.55248618784530368       0.57095359833302917     
   1.0000000000000000       0.50000000000000000       0.50000000000000000     
   1.1000000000000005       0.45248868778280527       0.43259595728280298     
   1.2000000000000002       0.40983606557377045       0.37083275288094120     
   1.3000000000000007       0.37174721189591048       0.31650481546549947     
   1.4000000000000004       0.33783783783783772       0.27102410547199990     
   1.5000000000000000       0.30769230769230771       0.23534659131080310     
   1.6000000000000005       0.28089887640449424       0.20991449907200008     
   1.7000000000000002       0.25706940874035988       0.19461783316550002     
   1.8000000000000007       0.23584905660377348       0.18877836886646149     
   1.9000000000000004       0.21691973969631231       0.19115890222126472     
   2.0000000000000000       0.20000000000000001       0.20000000000000001     
   2.1000000000000005       0.18484288354898329       0.21308581414796163     
   2.2000000000000002       0.17123287671232876       0.22783970328094125     
   2.3000000000000007       0.15898251192368831       0.24144942997726460     
   2.4000000000000004       0.14792899408284022       0.25102056873353845     
   2.5000000000000000       0.13793103448275862       0.25375545726102949     
   2.6000000000000005       0.12886597938144326       0.24715354509552939     
   2.7000000000000002       0.12062726176115801       0.22922733006549997     
   2.8000000000000007       0.11312217194570132       0.19872621680130292     
   2.9000000000000004       0.10626992561105206       0.15535857396244104     
   3.0000000000000000       0.10000000000000001       0.10000000000000001     
   3.0999999999999996        9.4250706880301627E-002   3.4873322847961824E-002
   3.2000000000000011        8.8967971530249046E-002  -3.6316851260236017E-002
   3.3000000000000007        8.4104289318755229E-002 -0.10831516883450044     
   3.4000000000000004        7.9617834394904441E-002 -0.17433545538953890     
   3.5000000000000000        7.5471698113207544E-002 -0.22619628906249994     
   3.5999999999999996        7.1633237822349580E-002 -0.25460266911623536     
   3.7000000000000011        6.8073519400952992E-002 -0.24960818907296173     
   3.8000000000000007        6.4766839378238322E-002 -0.20129636147199928     
   3.9000000000000004        6.1690314620604564E-002 -0.10072426173755850     
   4.0000000000000000        5.8823529411764705E-002   5.8823529411764705E-002
   4.0999999999999996        5.6148231330713089E-002  0.28021759397103740     
   4.2000000000000011        5.3648068669527878E-002  0.56044444455153253     
   4.3000000000000007        5.1308363263211886E-002  0.88808114608903188     
   4.4000000000000004        4.9115913555992131E-002   1.2402134854104625     
   4.5000000000000000        4.7058823529411764E-002   1.5787209903492638     
   4.6000000000000014        4.5126353790613687E-002   1.8458453670249442     
   4.7000000000000011        4.3308791684711974E-002   1.9589518419039635     
   4.8000000000000007        4.1597337770382686E-002   1.8043854561279993     
   4.9000000000000004        3.9984006397441013E-002   1.2303165551212614     
   5.0000000000000000        3.8461538461538464E-002   3.8461538461538464E-002
